{"level":"debug","time":"2024-05-06T10:30:52.685Z","caller":"cmd/bin.go:106","msg":"cli os: linux, cli arch: amd64"}
{"level":"debug","time":"2024-05-06T10:30:53.066Z","caller":"cmd/bin.go:115","msg":"Upstream version details: {Name:cli Min:0.2.170 Max:0.2.179} "}
{"level":"warn","time":"2024-05-06T10:30:53.067Z","caller":"globalconfigvalidator/setup.go:35","msg":"Found user credentials in env and cli flag both, credentials in env will be ignored"}
{"level":"warn","time":"2024-05-06T10:30:53.067Z","caller":"globalconfigvalidator/setup.go:40","msg":"Found key credentials in env and cli flag both, credentials in env will be ignored"}
{"level":"warn","time":"2024-05-06T10:30:53.795Z","caller":"globalconfigvalidator/setup.go:35","msg":"Found user credentials in env and cli flag both, credentials in env will be ignored"}
{"level":"warn","time":"2024-05-06T10:30:53.795Z","caller":"globalconfigvalidator/setup.go:40","msg":"Found key credentials in env and cli flag both, credentials in env will be ignored"}
{"level":"debug","time":"2024-05-06T10:30:53.796Z","caller":"core/lifecycle.go:110","msg":"Setting environment"}
{"level":"debug","time":"2024-05-06T10:30:53.796Z","caller":"core/lifecycle.go:113","msg":"Parsing config"}
{"level":"debug","time":"2024-05-06T10:30:53.796Z","caller":"yamlconfigmanager/setup.go:550","msg":"Custom location for .hyperexecute.yaml specified. Using: yaml/win/.hyperexecute_autosplits.yaml"}
{"level":"debug","time":"2024-05-06T10:30:53.796Z","caller":"yamlconfigmanager/setup.go:89","msg":"using hyperexecute config from : yaml/win/.hyperexecute_autosplits.yaml"}
{"level":"debug","time":"2024-05-06T10:30:54.250Z","caller":"yamlconfigmanager/setup.go:2074","msg":"Autodetecting test type in files of path : /workspace/mv_lambda_sample"}
{"level":"debug","time":"2024-05-06T10:30:54.250Z","caller":"yamlconfigmanager/setup.go:2116","msg":"File in which test type is detected - /workspace/mv_lambda_sample/package.json"}
{"level":"debug","time":"2024-05-06T10:30:54.250Z","caller":"yamlconfigmanager/setup.go:2117","msg":"Pre command in which test type is detected - npx playwright install"}
{"level":"debug","time":"2024-05-06T10:30:54.250Z","caller":"yamlconfigmanager/setup.go:378","msg":"Automatic test type detected - playwright"}
{"level":"debug","time":"2024-05-06T10:30:54.250Z","caller":"yamlconfigmanager/setup.go:402","msg":"Tunnel: false"}
{"level":"info","time":"2024-05-06T10:30:54.250Z","caller":"models/HypertestYamlConfig.go:593","msg":"\n\u001b[4m\u001b[1m\u001b[97mExecution Plan\u001b[0m\u001b[0m\u001b[0m"}
{"level":"info","time":"2024-05-06T10:30:54.250Z","caller":"models/HypertestYamlConfig.go:397","msg":"Mode:    \u001b[36mautosplit\u001b[0m"}
{"level":"info","time":"2024-05-06T10:30:54.250Z","caller":"models/HypertestYamlConfig.go:457","msg":"Runson:    \u001b[36mwin\u001b[0m"}
{"level":"info","time":"2024-05-06T10:30:54.250Z","caller":"models/HypertestYamlConfig.go:465","msg":"Concurrency:    \u001b[36m1\u001b[0m"}
{"level":"info","time":"2024-05-06T10:30:54.250Z","caller":"models/HypertestYamlConfig.go:526","msg":"Report:    \u001b[36menabled\u001b[0m"}
{"level":"info","time":"2024-05-06T10:30:54.250Z","caller":"models/HypertestYamlConfig.go:558","msg":"Cache Directories:"}
{"level":"info","time":"2024-05-06T10:30:54.250Z","caller":"models/HypertestYamlConfig.go:560","msg":"    \u001b[36mnode_modules\u001b[0m"}
{"level":"info","time":"2024-05-06T10:30:54.250Z","caller":"models/HypertestYamlConfig.go:606","msg":""}
{"level":"debug","time":"2024-05-06T10:30:54.250Z","caller":"filevalidator/setup.go:46","msg":"Warning: Checking data.json file in current directory, no dataJsonPath found in .hyperexecute.yaml"}
{"level":"debug","time":"2024-05-06T10:30:54.250Z","caller":"filevalidator/setup.go:50","msg":"Warning: data.json file doesn't exist"}
{"level":"info","time":"2024-05-06T10:30:55.061Z","caller":"core/lifecycle.go:387","msg":"\u001b[102m\u001b[1m\u001b[30mYou've consumed 29.09 % of your limit. Free trial mins left - 212.73\u001b[0m\u001b[0m\u001b[0m"}
{"level":"debug","time":"2024-05-06T10:30:55.061Z","caller":"core/lifecycle.go:429","msg":"Job ID: f21ea865-d8d5-49ec-b126-ed629e3c2d94"}
{"level":"debug","time":"2024-05-06T10:30:55.061Z","caller":"core/lifecycle.go:435","msg":"User has provided playwright as test type for the job with ID f21ea865-d8d5-49ec-b126-ed629e3c2d94"}
{"level":"debug","time":"2024-05-06T10:30:55.061Z","caller":"archivemanager/setup.go:340","msg":"digestMap: map[]"}
{"level":"debug","time":"2024-05-06T10:30:55.062Z","caller":"archivemanager/setup.go:346","msg":"Creating archive of target directory: /workspace/mv_lambda_sample"}
{"level":"debug","time":"2024-05-06T10:30:55.064Z","caller":"core/lifecycle.go:564","msg":"Zip file size: 14.73 kB"}
{"level":"debug","time":"2024-05-06T10:30:55.064Z","caller":"core/lifecycle.go:574","msg":"Archive location: /workspace/mv_lambda_sample/hyperexecute-code-f21ea865-d8d5-49ec-b126-ed629e3c2d94.zip\n"}
{"level":"debug","time":"2024-05-06T10:30:55.064Z","caller":"storage/azure.go:55","msg":"Payload size: 14.73 kB, source path /workspace/mv_lambda_sample/hyperexecute-code-f21ea865-d8d5-49ec-b126-ed629e3c2d94.zip"}
{"level":"debug","time":"2024-05-06T10:30:55.274Z","caller":"storage/azure.go:55","msg":"Payload size: 111.28 kB, source path /tmp/git.diff"}
{"level":"debug","time":"2024-05-06T10:30:57.722Z","caller":"receptionmanager/setup.go:225","msg":"number of entries in runtimes: 0, switching to new yaml format"}
{"level":"debug","time":"2024-05-06T10:30:57.722Z","caller":"receptionmanager/setup.go:157","msg":"Uploading yaml : /workspace/mv_lambda_sample/.updatedhyperexecute.yaml"}
{"level":"debug","time":"2024-05-06T10:30:57.722Z","caller":"storage/azure.go:55","msg":"Payload size: 2.75 kB, source path /workspace/mv_lambda_sample/.updatedhyperexecute.yaml"}
{"level":"debug","time":"2024-05-06T10:31:00.379Z","caller":"core/lifecycle.go:602","msg":"Successfully deleted code archive: /workspace/mv_lambda_sample/hyperexecute-code-f21ea865-d8d5-49ec-b126-ed629e3c2d94.zip\n"}
{"level":"info","time":"2024-05-06T10:31:06.445Z","caller":"jobmanager/setup.go:124","msg":"Job \u001b[1m\u001b[4mf21ea865-d8d5-49ec-b126-ed629e3c2d94\u001b[0m\u001b[0m has started \u001b[97mRUNNING\u001b[0m"}
{"level":"info","time":"2024-05-06T10:31:06.445Z","caller":"jobmanager/manager.go:141","msg":"Job Link: \u001b[4m\u001b[34mhttps://hyperexecute.lambdatest.com/hyperexecute/task?jobId=f21ea865-d8d5-49ec-b126-ed629e3c2d94\u001b[0m\u001b[0m\n"}
{"level":"debug","time":"2024-05-06T10:31:06.445Z","caller":"jobmanager/setup.go:133","msg":"New Tasks generated"}
{"level":"debug","time":"2024-05-06T10:31:06.445Z","caller":"jobmanager/setup.go:144","msg":"Task id: 173ea1b9-5aad-4744-b694-7b6698d6469b"}
{"level":"debug","time":"2024-05-06T10:31:06.445Z","caller":"jobmanager/setup.go:147","msg":"Sending new task alert to stage manager for taskId: 173ea1b9-5aad-4744-b694-7b6698d6469b"}
{"level":"info","time":"2024-05-06T10:31:06.601Z","caller":"terminal/terminal.go:187","msg":"\u001b[32m✔\u001b[0m [1]  \u001b[2mcache-download (0s)\u001b[0m\n"}
{"level":"info","time":"2024-05-06T10:31:26.630Z","caller":"terminal/terminal.go:187","msg":"\u001b[32m✔\u001b[0m [1]  \u001b[2mpre (23s)\u001b[0m\n"}
{"level":"info","time":"2024-05-06T10:31:27.056Z","caller":"terminal/terminal.go:187","msg":"\u001b[32m✔\u001b[0m [1]  \u001b[2mdiscovery (0s)\u001b[0m\n"}
{"level":"info","time":"2024-05-06T10:31:38.859Z","caller":"terminal/terminal.go:187","msg":"\u001b[91mx\u001b[0m [1]  \u001b[2mtests/LambdaAssignmentTest.spec.ts (3s)\u001b[0m\n"}
{"level":"info","time":"2024-05-06T10:31:39.783Z","caller":"terminal/terminal.go:187","msg":"\u001b[32m✔\u001b[0m [1]  \u001b[2mcache-upload (0s)\u001b[0m\n"}
{"level":"debug","time":"2024-05-06T10:31:41.415Z","caller":"jobmanager/setup.go:202","msg":"\n\nJob status"}
{"level":"info","time":"2024-05-06T10:31:41.415Z","caller":"core/lifecycle.go:682","msg":"taskId:173ea1b9-5aad-4744-b694-7b6698d6469b has failed with remark: error in running test suites - step 1 - exit status 1\n"}
{"level":"debug","time":"2024-05-06T10:31:41.415Z","caller":"core/lifecycle.go:774","msg":"Context canceled"}
{"level":"info","time":"2024-05-06T10:31:41.415Z","caller":"jobmanager/JobSummaryManager.go:54","msg":"\n\u001b[101m FAILED \u001b[0m\n"}
{"level":"info","time":"2024-05-06T10:31:41.415Z","caller":"core/lifecycle.go:777","msg":"\u001b[2mStopping pipeline gracefully\u001b[0m"}
{"level":"info","time":"2024-05-06T10:31:41.415Z","caller":"jobmanager/JobSummaryManager.go:113","msg":"    \u001b[1mTest Execution Time\u001b[0m:                  \u001b[91m3s\u001b[0m"}
{"level":"error","time":"2024-05-06T10:31:41.415Z","caller":"core/lifecycle.go:780","msg":"2024-05-06T10:30:52Z    error    Exiting with error: Failed tasks found."}
{"level":"info","time":"2024-05-06T10:31:41.415Z","caller":"jobmanager/JobSummaryManager.go:113","msg":"    \u001b[1mJob Duration Time\u001b[0m:                    37s"}
{"level":"info","time":"2024-05-06T10:31:41.415Z","caller":"jobmanager/JobSummaryManager.go:113","msg":"    \u001b[1mTotal Tasks\u001b[0m:                          1"}
{"level":"info","time":"2024-05-06T10:31:41.415Z","caller":"jobmanager/manager.go:141","msg":"Job Link: \u001b[4m\u001b[34mhttps://hyperexecute.lambdatest.com/hyperexecute/task?jobId=f21ea865-d8d5-49ec-b126-ed629e3c2d94\u001b[0m\u001b[0m\n"}
{"level":"info","time":"2024-05-06T10:31:41.415Z","caller":"jobmanager/JobSummaryManager.go:113","msg":"    \u001b[1mCumulative Time Consumed\u001b[0m:             37s"}
{"level":"debug","time":"2024-05-06T10:31:41.415Z","caller":"core/lifecycle.go:55","msg":"Quit requested from main goroutine...."}
{"level":"info","time":"2024-05-06T10:31:41.415Z","caller":"jobmanager/JobSummaryManager.go:113","msg":"    \u001b[1mTotal Stages\u001b[0m:                         3"}
{"level":"debug","time":"2024-05-06T10:31:41.415Z","caller":"core/lifecycle.go:56","msg":"Waiting for the goroutines to exit"}
{"level":"info","time":"2024-05-06T10:31:41.416Z","caller":"jobmanager/JobSummaryManager.go:113","msg":"    \u001b[1mPass discovery stage percentage\u001b[0m:      100.00%"}
{"level":"info","time":"2024-05-06T10:31:41.416Z","caller":"jobmanager/JobSummaryManager.go:113","msg":"    \u001b[1mFailed discovery stage percentage\u001b[0m:    0.00%"}
{"level":"info","time":"2024-05-06T10:31:41.416Z","caller":"jobmanager/JobSummaryManager.go:113","msg":"    \u001b[1mPass pre stage percentage\u001b[0m:            \u001b[92m100.00%\u001b[0m"}
{"level":"debug","time":"2024-05-06T10:31:41.416Z","caller":"core/lifecycle.go:59","msg":"All lifecycle goroutines exited"}
{"level":"info","time":"2024-05-06T10:31:41.416Z","caller":"jobmanager/JobSummaryManager.go:113","msg":"    \u001b[1mFailed pre stage percentage\u001b[0m:          0.00%"}
{"level":"debug","time":"2024-05-06T10:31:41.416Z","caller":"cmd/bin.go:329","msg":"Exiting application due to error Failed tasks found."}
{"level":"info","time":"2024-05-06T10:31:41.416Z","caller":"jobmanager/JobSummaryManager.go:113","msg":"    \u001b[1mPass test stage percentage\u001b[0m:           0.00%"}
{"level":"info","time":"2024-05-06T10:31:41.416Z","caller":"jobmanager/JobSummaryManager.go:113","msg":"    \u001b[1mFailed test stage percentage\u001b[0m:         \u001b[91m100.00%\u001b[0m"}
{"level":"info","time":"2024-05-06T10:31:41.416Z","caller":"jobmanager/JobSummaryManager.go:113","msg":"    \u001b[1mPass post stage percentage\u001b[0m:           0.00%"}
{"level":"debug","time":"2024-05-06T12:33:19.860Z","caller":"cmd/bin.go:106","msg":"cli os: linux, cli arch: amd64"}
{"level":"debug","time":"2024-05-06T12:33:20.215Z","caller":"cmd/bin.go:115","msg":"Upstream version details: {Name:cli Min:0.2.170 Max:0.2.179} "}
{"level":"error","time":"2024-05-06T12:33:20.216Z","caller":"globalconfigvalidator/setup.go:44","msg":"2024-05-06T12:33:19Z    error    \u001b[91mERR::NO::USER\u001b[0m     Unable to find LT username.    Unable to parse LT username. Use --user cli flag or LT_USERNAME environment variable"}
{"level":"error","time":"2024-05-06T12:33:20.216Z","caller":"cmd/bin.go:190","msg":"2024-05-06T12:33:19Z    error    \u001b[91mERR::NO::USER\u001b[0m     Unable to find LT username."}
{"level":"debug","time":"2024-05-06T12:33:36.166Z","caller":"cmd/bin.go:106","msg":"cli os: linux, cli arch: amd64"}
{"level":"debug","time":"2024-05-06T12:33:36.523Z","caller":"cmd/bin.go:115","msg":"Upstream version details: {Name:cli Min:0.2.170 Max:0.2.179} "}
{"level":"warn","time":"2024-05-06T12:33:36.523Z","caller":"globalconfigvalidator/setup.go:35","msg":"Found user credentials in env and cli flag both, credentials in env will be ignored"}
{"level":"warn","time":"2024-05-06T12:33:36.523Z","caller":"globalconfigvalidator/setup.go:40","msg":"Found key credentials in env and cli flag both, credentials in env will be ignored"}
{"level":"warn","time":"2024-05-06T12:33:37.547Z","caller":"globalconfigvalidator/setup.go:35","msg":"Found user credentials in env and cli flag both, credentials in env will be ignored"}
{"level":"warn","time":"2024-05-06T12:33:37.547Z","caller":"globalconfigvalidator/setup.go:40","msg":"Found key credentials in env and cli flag both, credentials in env will be ignored"}
{"level":"debug","time":"2024-05-06T12:33:37.547Z","caller":"core/lifecycle.go:110","msg":"Setting environment"}
{"level":"debug","time":"2024-05-06T12:33:37.547Z","caller":"core/lifecycle.go:113","msg":"Parsing config"}
{"level":"debug","time":"2024-05-06T12:33:37.547Z","caller":"yamlconfigmanager/setup.go:550","msg":"Custom location for .hyperexecute.yaml specified. Using: yaml/win/.hyperexecute_autosplits.yaml"}
{"level":"debug","time":"2024-05-06T12:33:37.547Z","caller":"yamlconfigmanager/setup.go:89","msg":"using hyperexecute config from : yaml/win/.hyperexecute_autosplits.yaml"}
{"level":"debug","time":"2024-05-06T12:33:37.937Z","caller":"yamlconfigmanager/setup.go:2074","msg":"Autodetecting test type in files of path : /workspace/mv_lambda_sample"}
{"level":"debug","time":"2024-05-06T12:33:37.937Z","caller":"yamlconfigmanager/setup.go:2116","msg":"File in which test type is detected - /workspace/mv_lambda_sample/package.json"}
{"level":"debug","time":"2024-05-06T12:33:37.937Z","caller":"yamlconfigmanager/setup.go:2117","msg":"Pre command in which test type is detected - npx playwright install"}
{"level":"debug","time":"2024-05-06T12:33:37.937Z","caller":"yamlconfigmanager/setup.go:378","msg":"Automatic test type detected - playwright"}
{"level":"debug","time":"2024-05-06T12:33:37.937Z","caller":"yamlconfigmanager/setup.go:402","msg":"Tunnel: false"}
{"level":"info","time":"2024-05-06T12:33:37.937Z","caller":"models/HypertestYamlConfig.go:593","msg":"\n\u001b[4m\u001b[1m\u001b[97mExecution Plan\u001b[0m\u001b[0m\u001b[0m"}
{"level":"info","time":"2024-05-06T12:33:37.937Z","caller":"models/HypertestYamlConfig.go:397","msg":"Mode:    \u001b[36mautosplit\u001b[0m"}
{"level":"info","time":"2024-05-06T12:33:37.937Z","caller":"models/HypertestYamlConfig.go:457","msg":"Runson:    \u001b[36mwin\u001b[0m"}
{"level":"info","time":"2024-05-06T12:33:37.937Z","caller":"models/HypertestYamlConfig.go:465","msg":"Concurrency:    \u001b[36m1\u001b[0m"}
{"level":"info","time":"2024-05-06T12:33:37.937Z","caller":"models/HypertestYamlConfig.go:526","msg":"Report:    \u001b[36menabled\u001b[0m"}
{"level":"info","time":"2024-05-06T12:33:37.937Z","caller":"models/HypertestYamlConfig.go:558","msg":"Cache Directories:"}
{"level":"info","time":"2024-05-06T12:33:37.937Z","caller":"models/HypertestYamlConfig.go:560","msg":"    \u001b[36mnode_modules\u001b[0m"}
{"level":"info","time":"2024-05-06T12:33:37.937Z","caller":"models/HypertestYamlConfig.go:606","msg":""}
{"level":"debug","time":"2024-05-06T12:33:37.937Z","caller":"filevalidator/setup.go:46","msg":"Warning: Checking data.json file in current directory, no dataJsonPath found in .hyperexecute.yaml"}
{"level":"debug","time":"2024-05-06T12:33:37.937Z","caller":"filevalidator/setup.go:50","msg":"Warning: data.json file doesn't exist"}
{"level":"info","time":"2024-05-06T12:33:38.423Z","caller":"core/lifecycle.go:387","msg":"\u001b[102m\u001b[1m\u001b[30mYou've consumed 29.30 % of your limit. Free trial mins left - 212.11\u001b[0m\u001b[0m\u001b[0m"}
{"level":"debug","time":"2024-05-06T12:33:38.423Z","caller":"core/lifecycle.go:429","msg":"Job ID: 23956d63-1d91-44eb-bcf0-acc8c630a0f7"}
{"level":"debug","time":"2024-05-06T12:33:38.424Z","caller":"core/lifecycle.go:435","msg":"User has provided playwright as test type for the job with ID 23956d63-1d91-44eb-bcf0-acc8c630a0f7"}
{"level":"debug","time":"2024-05-06T12:33:38.424Z","caller":"archivemanager/setup.go:340","msg":"digestMap: map[]"}
{"level":"debug","time":"2024-05-06T12:33:38.424Z","caller":"archivemanager/setup.go:346","msg":"Creating archive of target directory: /workspace/mv_lambda_sample"}
{"level":"debug","time":"2024-05-06T12:33:38.427Z","caller":"core/lifecycle.go:564","msg":"Zip file size: 14.73 kB"}
{"level":"debug","time":"2024-05-06T12:33:38.427Z","caller":"core/lifecycle.go:574","msg":"Archive location: /workspace/mv_lambda_sample/hyperexecute-code-23956d63-1d91-44eb-bcf0-acc8c630a0f7.zip\n"}
{"level":"debug","time":"2024-05-06T12:33:38.427Z","caller":"storage/azure.go:55","msg":"Payload size: 14.73 kB, source path /workspace/mv_lambda_sample/hyperexecute-code-23956d63-1d91-44eb-bcf0-acc8c630a0f7.zip"}
{"level":"debug","time":"2024-05-06T12:33:38.619Z","caller":"storage/azure.go:55","msg":"Payload size: 124.06 kB, source path /tmp/git.diff"}
{"level":"debug","time":"2024-05-06T12:33:41.087Z","caller":"receptionmanager/setup.go:225","msg":"number of entries in runtimes: 0, switching to new yaml format"}
{"level":"debug","time":"2024-05-06T12:33:41.088Z","caller":"receptionmanager/setup.go:157","msg":"Uploading yaml : /workspace/mv_lambda_sample/.updatedhyperexecute.yaml"}
{"level":"debug","time":"2024-05-06T12:33:41.088Z","caller":"storage/azure.go:55","msg":"Payload size: 2.75 kB, source path /workspace/mv_lambda_sample/.updatedhyperexecute.yaml"}
{"level":"debug","time":"2024-05-06T12:33:43.751Z","caller":"core/lifecycle.go:602","msg":"Successfully deleted code archive: /workspace/mv_lambda_sample/hyperexecute-code-23956d63-1d91-44eb-bcf0-acc8c630a0f7.zip\n"}
{"level":"info","time":"2024-05-06T12:33:49.815Z","caller":"jobmanager/setup.go:124","msg":"Job \u001b[1m\u001b[4m23956d63-1d91-44eb-bcf0-acc8c630a0f7\u001b[0m\u001b[0m has started \u001b[97mRUNNING\u001b[0m"}
{"level":"info","time":"2024-05-06T12:33:49.815Z","caller":"jobmanager/manager.go:141","msg":"Job Link: \u001b[4m\u001b[34mhttps://hyperexecute.lambdatest.com/hyperexecute/task?jobId=23956d63-1d91-44eb-bcf0-acc8c630a0f7\u001b[0m\u001b[0m\n"}
{"level":"debug","time":"2024-05-06T12:33:49.815Z","caller":"jobmanager/setup.go:133","msg":"New Tasks generated"}
{"level":"debug","time":"2024-05-06T12:33:49.815Z","caller":"jobmanager/setup.go:144","msg":"Task id: 8e08a556-87c7-4efe-a46d-24382acdf3a0"}
{"level":"debug","time":"2024-05-06T12:33:49.815Z","caller":"jobmanager/setup.go:147","msg":"Sending new task alert to stage manager for taskId: 8e08a556-87c7-4efe-a46d-24382acdf3a0"}
{"level":"info","time":"2024-05-06T12:33:49.974Z","caller":"terminal/terminal.go:187","msg":"\u001b[32m✔\u001b[0m [1]  \u001b[2mcache-download (1s)\u001b[0m\n"}
{"level":"info","time":"2024-05-06T12:34:11.748Z","caller":"terminal/terminal.go:187","msg":"\u001b[32m✔\u001b[0m [1]  \u001b[2mpre (25s)\u001b[0m\n"}
{"level":"info","time":"2024-05-06T12:34:12.165Z","caller":"terminal/terminal.go:187","msg":"\u001b[32m✔\u001b[0m [1]  \u001b[2mdiscovery (0s)\u001b[0m\n"}
{"level":"info","time":"2024-05-06T12:34:22.030Z","caller":"terminal/terminal.go:187","msg":"\u001b[91mx\u001b[0m [1]  \u001b[2mtests/LambdaAssignmentTest.spec.ts (1s)\u001b[0m\n"}
{"level":"info","time":"2024-05-06T12:34:23.296Z","caller":"terminal/terminal.go:187","msg":"\u001b[32m✔\u001b[0m [1]  \u001b[2mcache-upload (1s)\u001b[0m\n"}
{"level":"debug","time":"2024-05-06T12:34:24.824Z","caller":"jobmanager/setup.go:202","msg":"\n\nJob status"}
{"level":"info","time":"2024-05-06T12:34:24.824Z","caller":"core/lifecycle.go:682","msg":"taskId:8e08a556-87c7-4efe-a46d-24382acdf3a0 has failed with remark: error in running test suites - step 1 - exit status 1\n"}
{"level":"info","time":"2024-05-06T12:34:24.825Z","caller":"jobmanager/JobSummaryManager.go:54","msg":"\n\u001b[101m FAILED \u001b[0m\n"}
{"level":"info","time":"2024-05-06T12:34:24.825Z","caller":"jobmanager/JobSummaryManager.go:113","msg":"    \u001b[1mTest Execution Time\u001b[0m:                  \u001b[91m1s\u001b[0m"}
{"level":"debug","time":"2024-05-06T12:34:24.825Z","caller":"core/lifecycle.go:774","msg":"Context canceled"}
{"level":"info","time":"2024-05-06T12:34:24.825Z","caller":"core/lifecycle.go:777","msg":"\u001b[2mStopping pipeline gracefully\u001b[0m"}
{"level":"error","time":"2024-05-06T12:34:24.825Z","caller":"core/lifecycle.go:780","msg":"2024-05-06T12:33:36Z    error    Exiting with error: Failed tasks found."}
{"level":"info","time":"2024-05-06T12:34:24.825Z","caller":"jobmanager/JobSummaryManager.go:113","msg":"    \u001b[1mJob Duration Time\u001b[0m:                    37s"}
{"level":"info","time":"2024-05-06T12:34:24.825Z","caller":"jobmanager/JobSummaryManager.go:113","msg":"    \u001b[1mTotal Tasks\u001b[0m:                          1"}
{"level":"info","time":"2024-05-06T12:34:24.825Z","caller":"jobmanager/JobSummaryManager.go:113","msg":"    \u001b[1mCumulative Time Consumed\u001b[0m:             37s"}
{"level":"info","time":"2024-05-06T12:34:24.825Z","caller":"jobmanager/manager.go:141","msg":"Job Link: \u001b[4m\u001b[34mhttps://hyperexecute.lambdatest.com/hyperexecute/task?jobId=23956d63-1d91-44eb-bcf0-acc8c630a0f7\u001b[0m\u001b[0m\n"}
{"level":"info","time":"2024-05-06T12:34:24.825Z","caller":"jobmanager/JobSummaryManager.go:113","msg":"    \u001b[1mTotal Stages\u001b[0m:                         3"}
{"level":"debug","time":"2024-05-06T12:34:24.825Z","caller":"core/lifecycle.go:55","msg":"Quit requested from main goroutine...."}
{"level":"info","time":"2024-05-06T12:34:24.825Z","caller":"jobmanager/JobSummaryManager.go:113","msg":"    \u001b[1mPass discovery stage percentage\u001b[0m:      100.00%"}
{"level":"debug","time":"2024-05-06T12:34:24.825Z","caller":"core/lifecycle.go:56","msg":"Waiting for the goroutines to exit"}
{"level":"debug","time":"2024-05-06T12:34:24.825Z","caller":"core/lifecycle.go:59","msg":"All lifecycle goroutines exited"}
{"level":"info","time":"2024-05-06T12:34:24.825Z","caller":"jobmanager/JobSummaryManager.go:113","msg":"    \u001b[1mFailed discovery stage percentage\u001b[0m:    0.00%"}
{"level":"info","time":"2024-05-06T12:34:24.825Z","caller":"jobmanager/JobSummaryManager.go:113","msg":"    \u001b[1mPass pre stage percentage\u001b[0m:            \u001b[92m100.00%\u001b[0m"}
{"level":"debug","time":"2024-05-06T12:34:24.825Z","caller":"cmd/bin.go:329","msg":"Exiting application due to error Failed tasks found."}
{"level":"info","time":"2024-05-06T12:34:24.825Z","caller":"jobmanager/JobSummaryManager.go:113","msg":"    \u001b[1mFailed pre stage percentage\u001b[0m:          0.00%"}
{"level":"info","time":"2024-05-06T12:34:24.825Z","caller":"jobmanager/JobSummaryManager.go:113","msg":"    \u001b[1mPass test stage percentage\u001b[0m:           0.00%"}
{"level":"debug","time":"2024-05-06T12:34:24.825Z","caller":"cmd/bin.go:290","msg":"main: all goroutines have finished."}
{"level":"debug","time":"2024-05-06T12:37:49.957Z","caller":"cmd/bin.go:106","msg":"cli os: linux, cli arch: amd64"}
{"level":"debug","time":"2024-05-06T12:37:50.327Z","caller":"cmd/bin.go:115","msg":"Upstream version details: {Name:cli Min:0.2.170 Max:0.2.179} "}
{"level":"warn","time":"2024-05-06T12:37:50.327Z","caller":"globalconfigvalidator/setup.go:35","msg":"Found user credentials in env and cli flag both, credentials in env will be ignored"}
{"level":"warn","time":"2024-05-06T12:37:50.327Z","caller":"globalconfigvalidator/setup.go:40","msg":"Found key credentials in env and cli flag both, credentials in env will be ignored"}
{"level":"warn","time":"2024-05-06T12:37:51.169Z","caller":"globalconfigvalidator/setup.go:35","msg":"Found user credentials in env and cli flag both, credentials in env will be ignored"}
{"level":"warn","time":"2024-05-06T12:37:51.169Z","caller":"globalconfigvalidator/setup.go:40","msg":"Found key credentials in env and cli flag both, credentials in env will be ignored"}
{"level":"debug","time":"2024-05-06T12:37:51.169Z","caller":"core/lifecycle.go:110","msg":"Setting environment"}
{"level":"debug","time":"2024-05-06T12:37:51.169Z","caller":"core/lifecycle.go:113","msg":"Parsing config"}
{"level":"debug","time":"2024-05-06T12:37:51.169Z","caller":"yamlconfigmanager/setup.go:550","msg":"Custom location for .hyperexecute.yaml specified. Using: yaml/win/.hyperexecute_matrix.yaml"}
{"level":"debug","time":"2024-05-06T12:37:51.169Z","caller":"yamlconfigmanager/setup.go:89","msg":"using hyperexecute config from : yaml/win/.hyperexecute_matrix.yaml"}
{"level":"debug","time":"2024-05-06T12:37:51.169Z","caller":"yamlconfigmanager/setup.go:1864","msg":"Environment variable not set against the variable- matrix.os mentioned in yaml"}
{"level":"debug","time":"2024-05-06T12:37:51.544Z","caller":"yamlconfigmanager/setup.go:2074","msg":"Autodetecting test type in files of path : /workspace/mv_lambda_sample"}
{"level":"debug","time":"2024-05-06T12:37:51.544Z","caller":"yamlconfigmanager/setup.go:2116","msg":"File in which test type is detected - /workspace/mv_lambda_sample/package.json"}
{"level":"debug","time":"2024-05-06T12:37:51.544Z","caller":"yamlconfigmanager/setup.go:2117","msg":"Pre command in which test type is detected - npx playwright install"}
{"level":"debug","time":"2024-05-06T12:37:51.544Z","caller":"yamlconfigmanager/setup.go:378","msg":"Automatic test type detected - playwright"}
{"level":"debug","time":"2024-05-06T12:37:51.544Z","caller":"yamlconfigmanager/setup.go:402","msg":"Tunnel: false"}
{"level":"info","time":"2024-05-06T12:37:51.544Z","caller":"models/HypertestYamlConfig.go:593","msg":"\n\u001b[4m\u001b[1m\u001b[97mExecution Plan\u001b[0m\u001b[0m\u001b[0m"}
{"level":"info","time":"2024-05-06T12:37:51.544Z","caller":"models/HypertestYamlConfig.go:399","msg":"Mode:    \u001b[36mmatrix\u001b[0m"}
{"level":"info","time":"2024-05-06T12:37:51.544Z","caller":"models/HypertestYamlConfig.go:457","msg":"Runson:    \u001b[36m${matrix.os}\u001b[0m"}
{"level":"info","time":"2024-05-06T12:37:51.544Z","caller":"models/HypertestYamlConfig.go:526","msg":"Report:    \u001b[36menabled\u001b[0m"}
{"level":"info","time":"2024-05-06T12:37:51.544Z","caller":"models/HypertestYamlConfig.go:558","msg":"Cache Directories:"}
{"level":"info","time":"2024-05-06T12:37:51.544Z","caller":"models/HypertestYamlConfig.go:560","msg":"    \u001b[36mnode_modules\u001b[0m"}
{"level":"info","time":"2024-05-06T12:37:51.544Z","caller":"models/HypertestYamlConfig.go:606","msg":""}
{"level":"debug","time":"2024-05-06T12:37:51.544Z","caller":"filevalidator/setup.go:46","msg":"Warning: Checking data.json file in current directory, no dataJsonPath found in .hyperexecute.yaml"}
{"level":"debug","time":"2024-05-06T12:37:51.544Z","caller":"filevalidator/setup.go:50","msg":"Warning: data.json file doesn't exist"}
{"level":"info","time":"2024-05-06T12:37:52.010Z","caller":"core/lifecycle.go:387","msg":"\u001b[102m\u001b[1m\u001b[30mYou've consumed 29.50 % of your limit. Free trial mins left - 211.49\u001b[0m\u001b[0m\u001b[0m"}
{"level":"debug","time":"2024-05-06T12:37:52.010Z","caller":"core/lifecycle.go:429","msg":"Job ID: 80ac1cdb-8047-4c81-ba0b-645359e29180"}
{"level":"debug","time":"2024-05-06T12:37:52.010Z","caller":"core/lifecycle.go:435","msg":"User has provided playwright as test type for the job with ID 80ac1cdb-8047-4c81-ba0b-645359e29180"}
{"level":"debug","time":"2024-05-06T12:37:52.011Z","caller":"archivemanager/setup.go:340","msg":"digestMap: map[]"}
{"level":"debug","time":"2024-05-06T12:37:52.011Z","caller":"archivemanager/setup.go:346","msg":"Creating archive of target directory: /workspace/mv_lambda_sample"}
{"level":"debug","time":"2024-05-06T12:37:52.013Z","caller":"core/lifecycle.go:564","msg":"Zip file size: 14.68 kB"}
{"level":"debug","time":"2024-05-06T12:37:52.013Z","caller":"core/lifecycle.go:574","msg":"Archive location: /workspace/mv_lambda_sample/hyperexecute-code-80ac1cdb-8047-4c81-ba0b-645359e29180.zip\n"}
{"level":"debug","time":"2024-05-06T12:37:52.013Z","caller":"storage/azure.go:55","msg":"Payload size: 14.68 kB, source path /workspace/mv_lambda_sample/hyperexecute-code-80ac1cdb-8047-4c81-ba0b-645359e29180.zip"}
{"level":"debug","time":"2024-05-06T12:37:52.205Z","caller":"storage/azure.go:55","msg":"Payload size: 135.46 kB, source path /tmp/git.diff"}
{"level":"debug","time":"2024-05-06T12:37:54.666Z","caller":"receptionmanager/setup.go:225","msg":"number of entries in runtimes: 0, switching to new yaml format"}
{"level":"debug","time":"2024-05-06T12:37:54.666Z","caller":"receptionmanager/setup.go:157","msg":"Uploading yaml : /workspace/mv_lambda_sample/.updatedhyperexecute.yaml"}
{"level":"debug","time":"2024-05-06T12:37:54.666Z","caller":"storage/azure.go:55","msg":"Payload size: 2.60 kB, source path /workspace/mv_lambda_sample/.updatedhyperexecute.yaml"}
{"level":"debug","time":"2024-05-06T12:37:57.316Z","caller":"core/lifecycle.go:602","msg":"Successfully deleted code archive: /workspace/mv_lambda_sample/hyperexecute-code-80ac1cdb-8047-4c81-ba0b-645359e29180.zip\n"}
{"level":"info","time":"2024-05-06T12:38:03.562Z","caller":"jobmanager/setup.go:124","msg":"Job \u001b[1m\u001b[4m80ac1cdb-8047-4c81-ba0b-645359e29180\u001b[0m\u001b[0m has started \u001b[97mRUNNING\u001b[0m"}
{"level":"info","time":"2024-05-06T12:38:03.562Z","caller":"jobmanager/manager.go:141","msg":"Job Link: \u001b[4m\u001b[34mhttps://hyperexecute.lambdatest.com/hyperexecute/task?jobId=80ac1cdb-8047-4c81-ba0b-645359e29180\u001b[0m\u001b[0m\n"}
{"level":"debug","time":"2024-05-06T12:38:03.562Z","caller":"jobmanager/setup.go:133","msg":"New Tasks generated"}
{"level":"debug","time":"2024-05-06T12:38:03.562Z","caller":"jobmanager/setup.go:144","msg":"Task id: 1c9e1f8a-3015-4199-8f71-d35b734a27ab"}
{"level":"debug","time":"2024-05-06T12:38:03.562Z","caller":"jobmanager/setup.go:147","msg":"Sending new task alert to stage manager for taskId: 1c9e1f8a-3015-4199-8f71-d35b734a27ab"}
{"level":"info","time":"2024-05-06T12:38:03.705Z","caller":"terminal/terminal.go:187","msg":"\u001b[32m✔\u001b[0m [1]  \u001b[2mcache-download (0s)\u001b[0m\n"}
{"level":"info","time":"2024-05-06T12:38:20.219Z","caller":"terminal/terminal.go:187","msg":"\u001b[32m✔\u001b[0m [1]  \u001b[2mpre (21s)\u001b[0m\n"}
{"level":"info","time":"2024-05-06T12:38:29.677Z","caller":"terminal/terminal.go:187","msg":"\u001b[91mx\u001b[0m [1]  \u001b[2mnpm test -- LambdaAssignmentTest.spec.ts (1s)\u001b[0m\n"}
{"level":"info","time":"2024-05-06T12:38:30.683Z","caller":"terminal/terminal.go:187","msg":"\u001b[32m✔\u001b[0m [1]  \u001b[2mcache-upload (0s)\u001b[0m\n"}
{"level":"debug","time":"2024-05-06T12:38:33.564Z","caller":"jobmanager/setup.go:202","msg":"\n\nJob status"}
{"level":"info","time":"2024-05-06T12:38:33.564Z","caller":"core/lifecycle.go:682","msg":"taskId:1c9e1f8a-3015-4199-8f71-d35b734a27ab has failed with remark: error in running test suites - step 1 - exit status 1\n"}
{"level":"info","time":"2024-05-06T12:38:33.564Z","caller":"jobmanager/JobSummaryManager.go:54","msg":"\n\u001b[101m FAILED \u001b[0m\n"}
{"level":"debug","time":"2024-05-06T12:38:33.564Z","caller":"core/lifecycle.go:774","msg":"Context canceled"}
{"level":"info","time":"2024-05-06T12:38:33.564Z","caller":"jobmanager/JobSummaryManager.go:113","msg":"    \u001b[1mTest Execution Time\u001b[0m:                  \u001b[91m1s\u001b[0m"}
{"level":"info","time":"2024-05-06T12:38:33.564Z","caller":"core/lifecycle.go:777","msg":"\u001b[2mStopping pipeline gracefully\u001b[0m"}
{"level":"info","time":"2024-05-06T12:38:33.564Z","caller":"jobmanager/JobSummaryManager.go:113","msg":"    \u001b[1mJob Duration Time\u001b[0m:                    30s"}
{"level":"error","time":"2024-05-06T12:38:33.564Z","caller":"core/lifecycle.go:780","msg":"2024-05-06T12:37:49Z    error    Exiting with error: Failed tasks found."}
{"level":"info","time":"2024-05-06T12:38:33.564Z","caller":"jobmanager/manager.go:141","msg":"Job Link: \u001b[4m\u001b[34mhttps://hyperexecute.lambdatest.com/hyperexecute/task?jobId=80ac1cdb-8047-4c81-ba0b-645359e29180\u001b[0m\u001b[0m\n"}
{"level":"debug","time":"2024-05-06T12:38:33.564Z","caller":"core/lifecycle.go:55","msg":"Quit requested from main goroutine...."}
{"level":"debug","time":"2024-05-06T12:38:33.564Z","caller":"core/lifecycle.go:56","msg":"Waiting for the goroutines to exit"}
{"level":"debug","time":"2024-05-06T12:38:33.564Z","caller":"core/lifecycle.go:59","msg":"All lifecycle goroutines exited"}
{"level":"info","time":"2024-05-06T12:38:33.564Z","caller":"jobmanager/JobSummaryManager.go:113","msg":"    \u001b[1mTotal Tasks\u001b[0m:                          1"}
{"level":"info","time":"2024-05-06T12:38:33.564Z","caller":"jobmanager/JobSummaryManager.go:113","msg":"    \u001b[1mCumulative Time Consumed\u001b[0m:             30s"}
{"level":"debug","time":"2024-05-06T12:38:33.564Z","caller":"cmd/bin.go:329","msg":"Exiting application due to error Failed tasks found."}
{"level":"info","time":"2024-05-06T12:38:33.564Z","caller":"jobmanager/JobSummaryManager.go:113","msg":"    \u001b[1mTotal Stages\u001b[0m:                         2"}
{"level":"info","time":"2024-05-06T12:38:33.564Z","caller":"jobmanager/JobSummaryManager.go:113","msg":"    \u001b[1mPass discovery stage percentage\u001b[0m:      0.00%"}
{"level":"debug","time":"2024-05-06T12:38:33.564Z","caller":"cmd/bin.go:290","msg":"main: all goroutines have finished."}
{"level":"debug","time":"2024-05-07T10:41:04.700Z","caller":"cmd/bin.go:106","msg":"cli os: linux, cli arch: amd64"}
{"level":"debug","time":"2024-05-07T10:41:05.082Z","caller":"cmd/bin.go:115","msg":"Upstream version details: {Name:cli Min:0.2.170 Max:0.2.179} "}
{"level":"warn","time":"2024-05-07T10:41:05.083Z","caller":"globalconfigvalidator/setup.go:35","msg":"Found user credentials in env and cli flag both, credentials in env will be ignored"}
{"level":"warn","time":"2024-05-07T10:41:05.083Z","caller":"globalconfigvalidator/setup.go:40","msg":"Found key credentials in env and cli flag both, credentials in env will be ignored"}
{"level":"warn","time":"2024-05-07T10:41:06.090Z","caller":"globalconfigvalidator/setup.go:35","msg":"Found user credentials in env and cli flag both, credentials in env will be ignored"}
{"level":"warn","time":"2024-05-07T10:41:06.090Z","caller":"globalconfigvalidator/setup.go:40","msg":"Found key credentials in env and cli flag both, credentials in env will be ignored"}
{"level":"debug","time":"2024-05-07T10:41:06.090Z","caller":"core/lifecycle.go:110","msg":"Setting environment"}
{"level":"debug","time":"2024-05-07T10:41:06.090Z","caller":"core/lifecycle.go:113","msg":"Parsing config"}
{"level":"debug","time":"2024-05-07T10:41:06.090Z","caller":"yamlconfigmanager/setup.go:550","msg":"Custom location for .hyperexecute.yaml specified. Using: yaml/win/.hyperexecute_autosplits.yaml"}
{"level":"debug","time":"2024-05-07T10:41:06.090Z","caller":"yamlconfigmanager/setup.go:89","msg":"using hyperexecute config from : yaml/win/.hyperexecute_autosplits.yaml"}
{"level":"debug","time":"2024-05-07T10:41:06.492Z","caller":"yamlconfigmanager/setup.go:2074","msg":"Autodetecting test type in files of path : /workspace/mv_lambda_sample"}
{"level":"debug","time":"2024-05-07T10:41:06.492Z","caller":"yamlconfigmanager/setup.go:2116","msg":"File in which test type is detected - /workspace/mv_lambda_sample/package.json"}
{"level":"debug","time":"2024-05-07T10:41:06.492Z","caller":"yamlconfigmanager/setup.go:2117","msg":"Pre command in which test type is detected - npx playwright install"}
{"level":"debug","time":"2024-05-07T10:41:06.492Z","caller":"yamlconfigmanager/setup.go:378","msg":"Automatic test type detected - playwright"}
{"level":"debug","time":"2024-05-07T10:41:06.492Z","caller":"yamlconfigmanager/setup.go:402","msg":"Tunnel: false"}
{"level":"info","time":"2024-05-07T10:41:06.492Z","caller":"models/HypertestYamlConfig.go:593","msg":"\n\u001b[4m\u001b[1m\u001b[97mExecution Plan\u001b[0m\u001b[0m\u001b[0m"}
{"level":"info","time":"2024-05-07T10:41:06.492Z","caller":"models/HypertestYamlConfig.go:397","msg":"Mode:    \u001b[36mautosplit\u001b[0m"}
{"level":"info","time":"2024-05-07T10:41:06.492Z","caller":"models/HypertestYamlConfig.go:457","msg":"Runson:    \u001b[36mwin\u001b[0m"}
{"level":"info","time":"2024-05-07T10:41:06.492Z","caller":"models/HypertestYamlConfig.go:465","msg":"Concurrency:    \u001b[36m1\u001b[0m"}
{"level":"info","time":"2024-05-07T10:41:06.492Z","caller":"models/HypertestYamlConfig.go:526","msg":"Report:    \u001b[36menabled\u001b[0m"}
{"level":"info","time":"2024-05-07T10:41:06.492Z","caller":"models/HypertestYamlConfig.go:558","msg":"Cache Directories:"}
{"level":"info","time":"2024-05-07T10:41:06.492Z","caller":"models/HypertestYamlConfig.go:560","msg":"    \u001b[36mnode_modules\u001b[0m"}
{"level":"info","time":"2024-05-07T10:41:06.492Z","caller":"models/HypertestYamlConfig.go:606","msg":""}
{"level":"debug","time":"2024-05-07T10:41:06.492Z","caller":"filevalidator/setup.go:46","msg":"Warning: Checking data.json file in current directory, no dataJsonPath found in .hyperexecute.yaml"}
{"level":"error","time":"2024-05-07T10:41:06.492Z","caller":"core/lifecycle.go:128","msg":"2024-05-07T10:41:04Z    error    \u001b[91mERR::JSON::UN_MAR\u001b[0m     Unable to unmarshal. json: cannot unmarshal object into Go value of type []map[string]interface {}    Invalid data.json found with filename /workspace/mv_lambda_sample/data.json    Error while loading data.json"}
{"level":"debug","time":"2024-05-07T10:41:06.492Z","caller":"core/lifecycle.go:55","msg":"Quit requested from main goroutine...."}
{"level":"debug","time":"2024-05-07T10:41:06.492Z","caller":"core/lifecycle.go:56","msg":"Waiting for the goroutines to exit"}
{"level":"debug","time":"2024-05-07T10:41:06.492Z","caller":"core/lifecycle.go:59","msg":"All lifecycle goroutines exited"}
{"level":"debug","time":"2024-05-07T10:41:06.492Z","caller":"cmd/bin.go:329","msg":"Exiting application due to error \u001b[91mERR::JSON::UN_MAR\u001b[0m     Unable to unmarshal. json: cannot unmarshal object into Go value of type []map[string]interface {}    Invalid data.json found with filename /workspace/mv_lambda_sample/data.json"}
